<?xml version="1.0" encoding="UTF-8"?>
<!-- Generated by org.testng.reporters.JUnitXMLReporter -->
<testsuite ignored="0" hostname="DESKTOP-CMGNTR6" failures="7" tests="50" name="Surefire test" time="0.111" errors="0" timestamp="2020-03-27T20:11:59 MSK">
  <testcase classname="hw1.TestingDiv" name="checkDivideByZeroDouble" time="0.001">
    <failure type="org.testng.TestException" message="
Method TestingDiv.checkDivideByZeroDouble()[pri:0, instance:hw1.TestingDiv@4550bb58] should have thrown an exception of type class java.lang.ArithmeticException">
      <![CDATA[org.testng.TestException: 
Method TestingDiv.checkDivideByZeroDouble()[pri:0, instance:hw1.TestingDiv@4550bb58] should have thrown an exception of type class java.lang.ArithmeticException
at java.base/java.util.ArrayList.forEach(ArrayList.java:1540)
... Removed 29 stack frames]]>
    </failure>
  </testcase> <!-- checkDivideByZeroDouble -->
  <testcase classname="hw1.TestingDiv" name="checkDivideByZeroLong" time="0.0">
    <failure type="org.testng.TestException" message="
Expected exception of type class java.lang.ArithmeticException but got java.lang.NumberFormatException: Attempt to divide by zero">
      <![CDATA[org.testng.TestException: 
Expected exception of type class java.lang.ArithmeticException but got java.lang.NumberFormatException: Attempt to divide by zero
at java.base/java.util.ArrayList.forEach(ArrayList.java:1540)
Caused by: java.lang.NumberFormatException: Attempt to divide by zero
at com.epam.tat.module4.Calculator.div(Calculator.java:34)
at hw1.TestingDiv.checkDivideByZeroLong(TestingDiv.java:57)
... 27 more
... Removed 35 stack frames]]>
    </failure>
  </testcase> <!-- checkDivideByZeroLong -->
  <testcase classname="hw1.TestingDiv" name="testDoubles" time="0.002"/>
  <testcase classname="hw1.TestingDiv" name="testDoubles" time="0.0"/>
  <testcase classname="hw1.TestingDiv" name="testDoubles" time="0.001">
    <failure type="java.lang.AssertionError" message="expected [-100003.0] but found [-0.100003]">
      <![CDATA[java.lang.AssertionError: expected [-100003.0] but found [-0.100003]
at hw1.TestingDiv.testDoubles(TestingDiv.java:52)
at java.base/java.util.ArrayList.forEach(ArrayList.java:1540)
... Removed 36 stack frames]]>
    </failure>
  </testcase> <!-- testDoubles -->
  <testcase classname="hw1.TestingDiv" name="testDoubles" time="0.001">
    <failure type="java.lang.AssertionError" message="expected [4.1111] but found [4.1110999999999995]">
      <![CDATA[java.lang.AssertionError: expected [4.1111] but found [4.1110999999999995]
at hw1.TestingDiv.testDoubles(TestingDiv.java:52)
at java.base/java.util.ArrayList.forEach(ArrayList.java:1540)
... Removed 36 stack frames]]>
    </failure>
  </testcase> <!-- testDoubles -->
  <testcase classname="hw1.TestingDiv" name="testDoubles" time="0.0"/>
  <testcase classname="hw1.TestingDiv" name="testDoubles" time="0.001"/>
  <testcase classname="hw1.TestingDiv" name="testLongs" time="0.0"/>
  <testcase classname="hw1.TestingDiv" name="testLongs" time="0.0"/>
  <testcase classname="hw1.TestingDiv" name="testLongs" time="0.0"/>
  <testcase classname="hw1.TestingDiv" name="testLongs" time="0.0"/>
  <testcase classname="hw1.TestingDiv" name="testLongs" time="0.0"/>
  <testcase classname="hw1.TestingDiv" name="testLongs" time="0.0"/>
  <testcase classname="hw1.TestingMul" name="testDoubles" time="0.001">
    <failure type="java.lang.AssertionError" message="expected [2.25] but found [2.0]">
      <![CDATA[java.lang.AssertionError: expected [2.25] but found [2.0]
at hw1.TestingMul.testDoubles(TestingMul.java:52)
at java.base/java.util.ArrayList.forEach(ArrayList.java:1540)
... Removed 36 stack frames]]>
    </failure>
  </testcase> <!-- testDoubles -->
  <testcase classname="hw1.TestingMul" name="testDoubles" time="0.0"/>
  <testcase classname="hw1.TestingMul" name="testDoubles" time="0.0"/>
  <testcase classname="hw1.TestingMul" name="testDoubles" time="0.0">
    <failure type="java.lang.AssertionError" message="expected [12.3333] but found [12.0]">
      <![CDATA[java.lang.AssertionError: expected [12.3333] but found [12.0]
at hw1.TestingMul.testDoubles(TestingMul.java:52)
at java.base/java.util.ArrayList.forEach(ArrayList.java:1540)
... Removed 36 stack frames]]>
    </failure>
  </testcase> <!-- testDoubles -->
  <testcase classname="hw1.TestingMul" name="testDoubles" time="0.0"/>
  <testcase classname="hw1.TestingMul" name="testDoubles" time="0.0">
    <failure type="java.lang.AssertionError" message="expected [-5000555.55] but found [-5000556.0]">
      <![CDATA[java.lang.AssertionError: expected [-5000555.55] but found [-5000556.0]
at hw1.TestingMul.testDoubles(TestingMul.java:52)
at java.base/java.util.ArrayList.forEach(ArrayList.java:1540)
... Removed 36 stack frames]]>
    </failure>
  </testcase> <!-- testDoubles -->
  <testcase classname="hw1.TestingMul" name="testLongs" time="0.0"/>
  <testcase classname="hw1.TestingMul" name="testLongs" time="0.0"/>
  <testcase classname="hw1.TestingMul" name="testLongs" time="0.0"/>
  <testcase classname="hw1.TestingMul" name="testLongs" time="0.0"/>
  <testcase classname="hw1.TestingMul" name="testLongs" time="0.0"/>
  <testcase classname="hw1.TestingMul" name="testLongs" time="0.0"/>
  <testcase classname="hw1.TestingSub" name="testDoubles" time="0.001"/>
  <testcase classname="hw1.TestingSub" name="testDoubles" time="0.0"/>
  <testcase classname="hw1.TestingSub" name="testDoubles" time="0.0"/>
  <testcase classname="hw1.TestingSub" name="testDoubles" time="0.0"/>
  <testcase classname="hw1.TestingSub" name="testDoubles" time="0.0"/>
  <testcase classname="hw1.TestingSub" name="testDoubles" time="0.0"/>
  <testcase classname="hw1.TestingSub" name="testLongs" time="0.0"/>
  <testcase classname="hw1.TestingSub" name="testLongs" time="0.0"/>
  <testcase classname="hw1.TestingSub" name="testLongs" time="0.0"/>
  <testcase classname="hw1.TestingSub" name="testLongs" time="0.0"/>
  <testcase classname="hw1.TestingSub" name="testLongs" time="0.0"/>
  <testcase classname="hw1.TestingSub" name="testLongs" time="0.0"/>
  <testcase classname="hw1.TestingSum" name="testDoubles" time="0.0"/>
  <testcase classname="hw1.TestingSum" name="testDoubles" time="0.0"/>
  <testcase classname="hw1.TestingSum" name="testDoubles" time="0.0"/>
  <testcase classname="hw1.TestingSum" name="testDoubles" time="0.0"/>
  <testcase classname="hw1.TestingSum" name="testDoubles" time="0.0"/>
  <testcase classname="hw1.TestingSum" name="testDoubles" time="0.0"/>
  <testcase classname="hw1.TestingSum" name="testLongs" time="0.001"/>
  <testcase classname="hw1.TestingSum" name="testLongs" time="0.0"/>
  <testcase classname="hw1.TestingSum" name="testLongs" time="0.0"/>
  <testcase classname="hw1.TestingSum" name="testLongs" time="0.0"/>
  <testcase classname="hw1.TestingSum" name="testLongs" time="0.0"/>
  <testcase classname="hw1.TestingSum" name="testLongs" time="0.001"/>
</testsuite> <!-- Surefire test -->
