<html>
<head>
<title>TestNG:  Surefire test</title>
<link href="../testng.css" rel="stylesheet" type="text/css" />
<link href="../my-testng.css" rel="stylesheet" type="text/css" />

<style type="text/css">
.log { display: none;} 
.stack-trace { display: none;} 
</style>
<script type="text/javascript">
<!--
function flip(e) {
  current = e.style.display;
  if (current == 'block') {
    e.style.display = 'none';
    return 0;
  }
  else {
    e.style.display = 'block';
    return 1;
  }
}

function toggleBox(szDivId, elem, msg1, msg2)
{
  var res = -1;  if (document.getElementById) {
    res = flip(document.getElementById(szDivId));
  }
  else if (document.all) {
    // this is the way old msie versions work
    res = flip(document.all[szDivId]);
  }
  if(elem) {
    if(res == 0) elem.innerHTML = msg1; else elem.innerHTML = msg2;
  }

}

function toggleAllBoxes() {
  if (document.getElementsByTagName) {
    d = document.getElementsByTagName('div');
    for (i = 0; i < d.length; i++) {
      if (d[i].className == 'log') {
        flip(d[i]);
      }
    }
  }
}

// -->
</script>

</head>
<body>
<h2 align='center'>Surefire test</h2><table border='1' align="center">
<tr>
<td>Tests passed/Failed/Skipped:</td><td>43/7/0</td>
</tr><tr>
<td>Started on:</td><td>Fri Mar 27 20:11:58 MSK 2020</td>
</tr>
<tr><td>Total time:</td><td>0 seconds (111 ms)</td>
</tr><tr>
<td>Included groups:</td><td></td>
</tr><tr>
<td>Excluded groups:</td><td></td>
</tr>
</table><p/>
<small><i>(Hover the method name to see the test class name)</i></small><p/>
<table width='100%' border='1' class='invocation-failed'>
<tr><td colspan='4' align='center'><b>FAILED TESTS</b></td></tr>
<tr><td><b>Test method</b></td>
<td width="30%"><b>Exception</b></td>
<td width="10%"><b>Time (seconds)</b></td>
<td><b>Instance</b></td>
</tr>
<tr>
<td title='hw1.TestingDiv.checkDivideByZeroDouble()'><b>checkDivideByZeroDouble</b><br>Test class: hw1.TestingDiv</td>
<td><div><pre>org.testng.TestException: 
Method TestingDiv.checkDivideByZeroDouble()[pri:0, instance:hw1.TestingDiv@4550bb58] should have thrown an exception of type class java.lang.ArithmeticException
	at java.base/java.util.ArrayList.forEach(ArrayList.java:1540)
... Removed 29 stack frames</pre></div><a href='#' onClick='toggleBox("stack-trace1169474473", this, "Click to show all stack frames", "Click to hide stack frames")'>Click to show all stack frames</a>
<div class='stack-trace' id='stack-trace1169474473'><pre>org.testng.TestException: 
Method TestingDiv.checkDivideByZeroDouble()[pri:0, instance:hw1.TestingDiv@4550bb58] should have thrown an exception of type class java.lang.ArithmeticException
	at org.testng.internal.ExpectedExceptionsHolder.noException(ExpectedExceptionsHolder.java:82)
	at org.testng.internal.TestInvoker.considerExceptions(TestInvoker.java:741)
	at org.testng.internal.TestInvoker.invokeMethod(TestInvoker.java:629)
	at org.testng.internal.TestInvoker.invokeTestMethod(TestInvoker.java:173)
	at org.testng.internal.MethodRunner.runInSequence(MethodRunner.java:46)
	at org.testng.internal.TestInvoker$MethodInvocationAgent.invoke(TestInvoker.java:816)
	at org.testng.internal.TestInvoker.invokeTestMethods(TestInvoker.java:146)
	at org.testng.internal.TestMethodWorker.invokeTestMethods(TestMethodWorker.java:146)
	at org.testng.internal.TestMethodWorker.run(TestMethodWorker.java:128)
	at java.base/java.util.ArrayList.forEach(ArrayList.java:1540)
	at org.testng.TestRunner.privateRun(TestRunner.java:766)
	at org.testng.TestRunner.run(TestRunner.java:587)
	at org.testng.SuiteRunner.runTest(SuiteRunner.java:384)
	at org.testng.SuiteRunner.runSequentially(SuiteRunner.java:378)
	at org.testng.SuiteRunner.privateRun(SuiteRunner.java:337)
	at org.testng.SuiteRunner.run(SuiteRunner.java:286)
	at org.testng.SuiteRunnerWorker.runSuite(SuiteRunnerWorker.java:53)
	at org.testng.SuiteRunnerWorker.run(SuiteRunnerWorker.java:96)
	at org.testng.TestNG.runSuitesSequentially(TestNG.java:1187)
	at org.testng.TestNG.runSuitesLocally(TestNG.java:1109)
	at org.testng.TestNG.runSuites(TestNG.java:1039)
	at org.testng.TestNG.run(TestNG.java:1007)
	at org.apache.maven.surefire.testng.TestNGExecutor.run(TestNGExecutor.java:135)
	at org.apache.maven.surefire.testng.TestNGDirectoryTestSuite.executeMulti(TestNGDirectoryTestSuite.java:193)
	at org.apache.maven.surefire.testng.TestNGDirectoryTestSuite.execute(TestNGDirectoryTestSuite.java:94)
	at org.apache.maven.surefire.testng.TestNGProvider.invoke(TestNGProvider.java:146)
	at org.apache.maven.surefire.booter.ForkedBooter.runSuitesInProcess(ForkedBooter.java:377)
	at org.apache.maven.surefire.booter.ForkedBooter.execute(ForkedBooter.java:138)
	at org.apache.maven.surefire.booter.ForkedBooter.run(ForkedBooter.java:465)
	at org.apache.maven.surefire.booter.ForkedBooter.main(ForkedBooter.java:451)
</pre></div></td>
<td>0</td>
<td>hw1.TestingDiv@4550bb58</td></tr>
<tr>
<td title='hw1.TestingDiv.checkDivideByZeroLong()'><b>checkDivideByZeroLong</b><br>Test class: hw1.TestingDiv</td>
<td><div><pre>org.testng.TestException: 
Expected exception of type class java.lang.ArithmeticException but got java.lang.NumberFormatException: Attempt to divide by zero
	at java.base/java.util.ArrayList.forEach(ArrayList.java:1540)
Caused by: java.lang.NumberFormatException: Attempt to divide by zero
	at com.epam.tat.module4.Calculator.div(Calculator.java:34)
	at hw1.TestingDiv.checkDivideByZeroLong(TestingDiv.java:57)
	... 27 more
... Removed 35 stack frames</pre></div><a href='#' onClick='toggleBox("stack-trace63390", this, "Click to show all stack frames", "Click to hide stack frames")'>Click to show all stack frames</a>
<div class='stack-trace' id='stack-trace63390'><pre>org.testng.TestException: 
Expected exception of type class java.lang.ArithmeticException but got java.lang.NumberFormatException: Attempt to divide by zero
	at org.testng.internal.ExpectedExceptionsHolder.wrongException(ExpectedExceptionsHolder.java:68)
	at org.testng.internal.TestInvoker.considerExceptions(TestInvoker.java:731)
	at org.testng.internal.TestInvoker.invokeMethod(TestInvoker.java:629)
	at org.testng.internal.TestInvoker.invokeTestMethod(TestInvoker.java:173)
	at org.testng.internal.MethodRunner.runInSequence(MethodRunner.java:46)
	at org.testng.internal.TestInvoker$MethodInvocationAgent.invoke(TestInvoker.java:816)
	at org.testng.internal.TestInvoker.invokeTestMethods(TestInvoker.java:146)
	at org.testng.internal.TestMethodWorker.invokeTestMethods(TestMethodWorker.java:146)
	at org.testng.internal.TestMethodWorker.run(TestMethodWorker.java:128)
	at java.base/java.util.ArrayList.forEach(ArrayList.java:1540)
	at org.testng.TestRunner.privateRun(TestRunner.java:766)
	at org.testng.TestRunner.run(TestRunner.java:587)
	at org.testng.SuiteRunner.runTest(SuiteRunner.java:384)
	at org.testng.SuiteRunner.runSequentially(SuiteRunner.java:378)
	at org.testng.SuiteRunner.privateRun(SuiteRunner.java:337)
	at org.testng.SuiteRunner.run(SuiteRunner.java:286)
	at org.testng.SuiteRunnerWorker.runSuite(SuiteRunnerWorker.java:53)
	at org.testng.SuiteRunnerWorker.run(SuiteRunnerWorker.java:96)
	at org.testng.TestNG.runSuitesSequentially(TestNG.java:1187)
	at org.testng.TestNG.runSuitesLocally(TestNG.java:1109)
	at org.testng.TestNG.runSuites(TestNG.java:1039)
	at org.testng.TestNG.run(TestNG.java:1007)
	at org.apache.maven.surefire.testng.TestNGExecutor.run(TestNGExecutor.java:135)
	at org.apache.maven.surefire.testng.TestNGDirectoryTestSuite.executeMulti(TestNGDirectoryTestSuite.java:193)
	at org.apache.maven.surefire.testng.TestNGDirectoryTestSuite.execute(TestNGDirectoryTestSuite.java:94)
	at org.apache.maven.surefire.testng.TestNGProvider.invoke(TestNGProvider.java:146)
	at org.apache.maven.surefire.booter.ForkedBooter.runSuitesInProcess(ForkedBooter.java:377)
	at org.apache.maven.surefire.booter.ForkedBooter.execute(ForkedBooter.java:138)
	at org.apache.maven.surefire.booter.ForkedBooter.run(ForkedBooter.java:465)
	at org.apache.maven.surefire.booter.ForkedBooter.main(ForkedBooter.java:451)
Caused by: java.lang.NumberFormatException: Attempt to divide by zero
	at com.epam.tat.module4.Calculator.div(Calculator.java:34)
	at hw1.TestingDiv.checkDivideByZeroLong(TestingDiv.java:57)
	at java.base/jdk.internal.reflect.NativeMethodAccessorImpl.invoke0(Native Method)
	at java.base/jdk.internal.reflect.NativeMethodAccessorImpl.invoke(NativeMethodAccessorImpl.java:62)
	at java.base/jdk.internal.reflect.DelegatingMethodAccessorImpl.invoke(DelegatingMethodAccessorImpl.java:43)
	at java.base/java.lang.reflect.Method.invoke(Method.java:566)
	at org.testng.internal.MethodInvocationHelper.invokeMethod(MethodInvocationHelper.java:134)
	at org.testng.internal.TestInvoker.invokeMethod(TestInvoker.java:597)
	... 27 more
</pre></div></td>
<td>0</td>
<td>hw1.TestingDiv@4550bb58</td></tr>
<tr>
<td title='hw1.TestingDiv.testDoubles()'><b>testDoubles</b><br>Test class: hw1.TestingDiv<br>Parameters: 100.003, -1000.0, -100003.0</td>
<td><div><pre>java.lang.AssertionError: expected [-100003.0] but found [-0.100003]
	at hw1.TestingDiv.testDoubles(TestingDiv.java:52)
	at java.base/java.util.ArrayList.forEach(ArrayList.java:1540)
... Removed 36 stack frames</pre></div><a href='#' onClick='toggleBox("stack-trace689654773", this, "Click to show all stack frames", "Click to hide stack frames")'>Click to show all stack frames</a>
<div class='stack-trace' id='stack-trace689654773'><pre>java.lang.AssertionError: expected [-100003.0] but found [-0.100003]
	at org.testng.Assert.fail(Assert.java:97)
	at org.testng.Assert.failNotEquals(Assert.java:969)
	at org.testng.Assert.assertEquals(Assert.java:640)
	at org.testng.Assert.assertEquals(Assert.java:651)
	at hw1.TestingDiv.testDoubles(TestingDiv.java:52)
	at java.base/jdk.internal.reflect.NativeMethodAccessorImpl.invoke0(Native Method)
	at java.base/jdk.internal.reflect.NativeMethodAccessorImpl.invoke(NativeMethodAccessorImpl.java:62)
	at java.base/jdk.internal.reflect.DelegatingMethodAccessorImpl.invoke(DelegatingMethodAccessorImpl.java:43)
	at java.base/java.lang.reflect.Method.invoke(Method.java:566)
	at org.testng.internal.MethodInvocationHelper.invokeMethod(MethodInvocationHelper.java:134)
	at org.testng.internal.TestInvoker.invokeMethod(TestInvoker.java:597)
	at org.testng.internal.TestInvoker.invokeTestMethod(TestInvoker.java:173)
	at org.testng.internal.MethodRunner.runInSequence(MethodRunner.java:46)
	at org.testng.internal.TestInvoker$MethodInvocationAgent.invoke(TestInvoker.java:816)
	at org.testng.internal.TestInvoker.invokeTestMethods(TestInvoker.java:146)
	at org.testng.internal.TestMethodWorker.invokeTestMethods(TestMethodWorker.java:146)
	at org.testng.internal.TestMethodWorker.run(TestMethodWorker.java:128)
	at java.base/java.util.ArrayList.forEach(ArrayList.java:1540)
	at org.testng.TestRunner.privateRun(TestRunner.java:766)
	at org.testng.TestRunner.run(TestRunner.java:587)
	at org.testng.SuiteRunner.runTest(SuiteRunner.java:384)
	at org.testng.SuiteRunner.runSequentially(SuiteRunner.java:378)
	at org.testng.SuiteRunner.privateRun(SuiteRunner.java:337)
	at org.testng.SuiteRunner.run(SuiteRunner.java:286)
	at org.testng.SuiteRunnerWorker.runSuite(SuiteRunnerWorker.java:53)
	at org.testng.SuiteRunnerWorker.run(SuiteRunnerWorker.java:96)
	at org.testng.TestNG.runSuitesSequentially(TestNG.java:1187)
	at org.testng.TestNG.runSuitesLocally(TestNG.java:1109)
	at org.testng.TestNG.runSuites(TestNG.java:1039)
	at org.testng.TestNG.run(TestNG.java:1007)
	at org.apache.maven.surefire.testng.TestNGExecutor.run(TestNGExecutor.java:135)
	at org.apache.maven.surefire.testng.TestNGDirectoryTestSuite.executeMulti(TestNGDirectoryTestSuite.java:193)
	at org.apache.maven.surefire.testng.TestNGDirectoryTestSuite.execute(TestNGDirectoryTestSuite.java:94)
	at org.apache.maven.surefire.testng.TestNGProvider.invoke(TestNGProvider.java:146)
	at org.apache.maven.surefire.booter.ForkedBooter.runSuitesInProcess(ForkedBooter.java:377)
	at org.apache.maven.surefire.booter.ForkedBooter.execute(ForkedBooter.java:138)
	at org.apache.maven.surefire.booter.ForkedBooter.run(ForkedBooter.java:465)
	at org.apache.maven.surefire.booter.ForkedBooter.main(ForkedBooter.java:451)
</pre></div></td>
<td>0</td>
<td>hw1.TestingDiv@4550bb58</td></tr>
<tr>
<td title='hw1.TestingDiv.testDoubles()'><b>testDoubles</b><br>Test class: hw1.TestingDiv<br>Parameters: -12.3333, -3.0, 4.1111</td>
<td><div><pre>java.lang.AssertionError: expected [4.1111] but found [4.1110999999999995]
	at hw1.TestingDiv.testDoubles(TestingDiv.java:52)
	at java.base/java.util.ArrayList.forEach(ArrayList.java:1540)
... Removed 36 stack frames</pre></div><a href='#' onClick='toggleBox("stack-trace838449246", this, "Click to show all stack frames", "Click to hide stack frames")'>Click to show all stack frames</a>
<div class='stack-trace' id='stack-trace838449246'><pre>java.lang.AssertionError: expected [4.1111] but found [4.1110999999999995]
	at org.testng.Assert.fail(Assert.java:97)
	at org.testng.Assert.failNotEquals(Assert.java:969)
	at org.testng.Assert.assertEquals(Assert.java:640)
	at org.testng.Assert.assertEquals(Assert.java:651)
	at hw1.TestingDiv.testDoubles(TestingDiv.java:52)
	at java.base/jdk.internal.reflect.NativeMethodAccessorImpl.invoke0(Native Method)
	at java.base/jdk.internal.reflect.NativeMethodAccessorImpl.invoke(NativeMethodAccessorImpl.java:62)
	at java.base/jdk.internal.reflect.DelegatingMethodAccessorImpl.invoke(DelegatingMethodAccessorImpl.java:43)
	at java.base/java.lang.reflect.Method.invoke(Method.java:566)
	at org.testng.internal.MethodInvocationHelper.invokeMethod(MethodInvocationHelper.java:134)
	at org.testng.internal.TestInvoker.invokeMethod(TestInvoker.java:597)
	at org.testng.internal.TestInvoker.invokeTestMethod(TestInvoker.java:173)
	at org.testng.internal.MethodRunner.runInSequence(MethodRunner.java:46)
	at org.testng.internal.TestInvoker$MethodInvocationAgent.invoke(TestInvoker.java:816)
	at org.testng.internal.TestInvoker.invokeTestMethods(TestInvoker.java:146)
	at org.testng.internal.TestMethodWorker.invokeTestMethods(TestMethodWorker.java:146)
	at org.testng.internal.TestMethodWorker.run(TestMethodWorker.java:128)
	at java.base/java.util.ArrayList.forEach(ArrayList.java:1540)
	at org.testng.TestRunner.privateRun(TestRunner.java:766)
	at org.testng.TestRunner.run(TestRunner.java:587)
	at org.testng.SuiteRunner.runTest(SuiteRunner.java:384)
	at org.testng.SuiteRunner.runSequentially(SuiteRunner.java:378)
	at org.testng.SuiteRunner.privateRun(SuiteRunner.java:337)
	at org.testng.SuiteRunner.run(SuiteRunner.java:286)
	at org.testng.SuiteRunnerWorker.runSuite(SuiteRunnerWorker.java:53)
	at org.testng.SuiteRunnerWorker.run(SuiteRunnerWorker.java:96)
	at org.testng.TestNG.runSuitesSequentially(TestNG.java:1187)
	at org.testng.TestNG.runSuitesLocally(TestNG.java:1109)
	at org.testng.TestNG.runSuites(TestNG.java:1039)
	at org.testng.TestNG.run(TestNG.java:1007)
	at org.apache.maven.surefire.testng.TestNGExecutor.run(TestNGExecutor.java:135)
	at org.apache.maven.surefire.testng.TestNGDirectoryTestSuite.executeMulti(TestNGDirectoryTestSuite.java:193)
	at org.apache.maven.surefire.testng.TestNGDirectoryTestSuite.execute(TestNGDirectoryTestSuite.java:94)
	at org.apache.maven.surefire.testng.TestNGProvider.invoke(TestNGProvider.java:146)
	at org.apache.maven.surefire.booter.ForkedBooter.runSuitesInProcess(ForkedBooter.java:377)
	at org.apache.maven.surefire.booter.ForkedBooter.execute(ForkedBooter.java:138)
	at org.apache.maven.surefire.booter.ForkedBooter.run(ForkedBooter.java:465)
	at org.apache.maven.surefire.booter.ForkedBooter.main(ForkedBooter.java:451)
</pre></div></td>
<td>0</td>
<td>hw1.TestingDiv@4550bb58</td></tr>
<tr>
<td title='hw1.TestingMul.testDoubles()'><b>testDoubles</b><br>Test class: hw1.TestingMul<br>Parameters: 1.5, 1.5, 2.25</td>
<td><div><pre>java.lang.AssertionError: expected [2.25] but found [2.0]
	at hw1.TestingMul.testDoubles(TestingMul.java:52)
	at java.base/java.util.ArrayList.forEach(ArrayList.java:1540)
... Removed 36 stack frames</pre></div><a href='#' onClick='toggleBox("stack-trace1647766367", this, "Click to show all stack frames", "Click to hide stack frames")'>Click to show all stack frames</a>
<div class='stack-trace' id='stack-trace1647766367'><pre>java.lang.AssertionError: expected [2.25] but found [2.0]
	at org.testng.Assert.fail(Assert.java:97)
	at org.testng.Assert.failNotEquals(Assert.java:969)
	at org.testng.Assert.assertEquals(Assert.java:640)
	at org.testng.Assert.assertEquals(Assert.java:651)
	at hw1.TestingMul.testDoubles(TestingMul.java:52)
	at java.base/jdk.internal.reflect.NativeMethodAccessorImpl.invoke0(Native Method)
	at java.base/jdk.internal.reflect.NativeMethodAccessorImpl.invoke(NativeMethodAccessorImpl.java:62)
	at java.base/jdk.internal.reflect.DelegatingMethodAccessorImpl.invoke(DelegatingMethodAccessorImpl.java:43)
	at java.base/java.lang.reflect.Method.invoke(Method.java:566)
	at org.testng.internal.MethodInvocationHelper.invokeMethod(MethodInvocationHelper.java:134)
	at org.testng.internal.TestInvoker.invokeMethod(TestInvoker.java:597)
	at org.testng.internal.TestInvoker.invokeTestMethod(TestInvoker.java:173)
	at org.testng.internal.MethodRunner.runInSequence(MethodRunner.java:46)
	at org.testng.internal.TestInvoker$MethodInvocationAgent.invoke(TestInvoker.java:816)
	at org.testng.internal.TestInvoker.invokeTestMethods(TestInvoker.java:146)
	at org.testng.internal.TestMethodWorker.invokeTestMethods(TestMethodWorker.java:146)
	at org.testng.internal.TestMethodWorker.run(TestMethodWorker.java:128)
	at java.base/java.util.ArrayList.forEach(ArrayList.java:1540)
	at org.testng.TestRunner.privateRun(TestRunner.java:766)
	at org.testng.TestRunner.run(TestRunner.java:587)
	at org.testng.SuiteRunner.runTest(SuiteRunner.java:384)
	at org.testng.SuiteRunner.runSequentially(SuiteRunner.java:378)
	at org.testng.SuiteRunner.privateRun(SuiteRunner.java:337)
	at org.testng.SuiteRunner.run(SuiteRunner.java:286)
	at org.testng.SuiteRunnerWorker.runSuite(SuiteRunnerWorker.java:53)
	at org.testng.SuiteRunnerWorker.run(SuiteRunnerWorker.java:96)
	at org.testng.TestNG.runSuitesSequentially(TestNG.java:1187)
	at org.testng.TestNG.runSuitesLocally(TestNG.java:1109)
	at org.testng.TestNG.runSuites(TestNG.java:1039)
	at org.testng.TestNG.run(TestNG.java:1007)
	at org.apache.maven.surefire.testng.TestNGExecutor.run(TestNGExecutor.java:135)
	at org.apache.maven.surefire.testng.TestNGDirectoryTestSuite.executeMulti(TestNGDirectoryTestSuite.java:193)
	at org.apache.maven.surefire.testng.TestNGDirectoryTestSuite.execute(TestNGDirectoryTestSuite.java:94)
	at org.apache.maven.surefire.testng.TestNGProvider.invoke(TestNGProvider.java:146)
	at org.apache.maven.surefire.booter.ForkedBooter.runSuitesInProcess(ForkedBooter.java:377)
	at org.apache.maven.surefire.booter.ForkedBooter.execute(ForkedBooter.java:138)
	at org.apache.maven.surefire.booter.ForkedBooter.run(ForkedBooter.java:465)
	at org.apache.maven.surefire.booter.ForkedBooter.main(ForkedBooter.java:451)
</pre></div></td>
<td>0</td>
<td>hw1.TestingMul@4ec4f3a0</td></tr>
<tr>
<td title='hw1.TestingMul.testDoubles()'><b>testDoubles</b><br>Test class: hw1.TestingMul<br>Parameters: -12.3333, -1.0, 12.3333</td>
<td><div><pre>java.lang.AssertionError: expected [12.3333] but found [12.0]
	at hw1.TestingMul.testDoubles(TestingMul.java:52)
	at java.base/java.util.ArrayList.forEach(ArrayList.java:1540)
... Removed 36 stack frames</pre></div><a href='#' onClick='toggleBox("stack-trace1050065615", this, "Click to show all stack frames", "Click to hide stack frames")'>Click to show all stack frames</a>
<div class='stack-trace' id='stack-trace1050065615'><pre>java.lang.AssertionError: expected [12.3333] but found [12.0]
	at org.testng.Assert.fail(Assert.java:97)
	at org.testng.Assert.failNotEquals(Assert.java:969)
	at org.testng.Assert.assertEquals(Assert.java:640)
	at org.testng.Assert.assertEquals(Assert.java:651)
	at hw1.TestingMul.testDoubles(TestingMul.java:52)
	at java.base/jdk.internal.reflect.NativeMethodAccessorImpl.invoke0(Native Method)
	at java.base/jdk.internal.reflect.NativeMethodAccessorImpl.invoke(NativeMethodAccessorImpl.java:62)
	at java.base/jdk.internal.reflect.DelegatingMethodAccessorImpl.invoke(DelegatingMethodAccessorImpl.java:43)
	at java.base/java.lang.reflect.Method.invoke(Method.java:566)
	at org.testng.internal.MethodInvocationHelper.invokeMethod(MethodInvocationHelper.java:134)
	at org.testng.internal.TestInvoker.invokeMethod(TestInvoker.java:597)
	at org.testng.internal.TestInvoker.invokeTestMethod(TestInvoker.java:173)
	at org.testng.internal.MethodRunner.runInSequence(MethodRunner.java:46)
	at org.testng.internal.TestInvoker$MethodInvocationAgent.invoke(TestInvoker.java:816)
	at org.testng.internal.TestInvoker.invokeTestMethods(TestInvoker.java:146)
	at org.testng.internal.TestMethodWorker.invokeTestMethods(TestMethodWorker.java:146)
	at org.testng.internal.TestMethodWorker.run(TestMethodWorker.java:128)
	at java.base/java.util.ArrayList.forEach(ArrayList.java:1540)
	at org.testng.TestRunner.privateRun(TestRunner.java:766)
	at org.testng.TestRunner.run(TestRunner.java:587)
	at org.testng.SuiteRunner.runTest(SuiteRunner.java:384)
	at org.testng.SuiteRunner.runSequentially(SuiteRunner.java:378)
	at org.testng.SuiteRunner.privateRun(SuiteRunner.java:337)
	at org.testng.SuiteRunner.run(SuiteRunner.java:286)
	at org.testng.SuiteRunnerWorker.runSuite(SuiteRunnerWorker.java:53)
	at org.testng.SuiteRunnerWorker.run(SuiteRunnerWorker.java:96)
	at org.testng.TestNG.runSuitesSequentially(TestNG.java:1187)
	at org.testng.TestNG.runSuitesLocally(TestNG.java:1109)
	at org.testng.TestNG.runSuites(TestNG.java:1039)
	at org.testng.TestNG.run(TestNG.java:1007)
	at org.apache.maven.surefire.testng.TestNGExecutor.run(TestNGExecutor.java:135)
	at org.apache.maven.surefire.testng.TestNGDirectoryTestSuite.executeMulti(TestNGDirectoryTestSuite.java:193)
	at org.apache.maven.surefire.testng.TestNGDirectoryTestSuite.execute(TestNGDirectoryTestSuite.java:94)
	at org.apache.maven.surefire.testng.TestNGProvider.invoke(TestNGProvider.java:146)
	at org.apache.maven.surefire.booter.ForkedBooter.runSuitesInProcess(ForkedBooter.java:377)
	at org.apache.maven.surefire.booter.ForkedBooter.execute(ForkedBooter.java:138)
	at org.apache.maven.surefire.booter.ForkedBooter.run(ForkedBooter.java:465)
	at org.apache.maven.surefire.booter.ForkedBooter.main(ForkedBooter.java:451)
</pre></div></td>
<td>0</td>
<td>hw1.TestingMul@4ec4f3a0</td></tr>
<tr>
<td title='hw1.TestingMul.testDoubles()'><b>testDoubles</b><br>Test class: hw1.TestingMul<br>Parameters: -1000111.11, 5.0, -5000555.55</td>
<td><div><pre>java.lang.AssertionError: expected [-5000555.55] but found [-5000556.0]
	at hw1.TestingMul.testDoubles(TestingMul.java:52)
	at java.base/java.util.ArrayList.forEach(ArrayList.java:1540)
... Removed 36 stack frames</pre></div><a href='#' onClick='toggleBox("stack-trace938545229", this, "Click to show all stack frames", "Click to hide stack frames")'>Click to show all stack frames</a>
<div class='stack-trace' id='stack-trace938545229'><pre>java.lang.AssertionError: expected [-5000555.55] but found [-5000556.0]
	at org.testng.Assert.fail(Assert.java:97)
	at org.testng.Assert.failNotEquals(Assert.java:969)
	at org.testng.Assert.assertEquals(Assert.java:640)
	at org.testng.Assert.assertEquals(Assert.java:651)
	at hw1.TestingMul.testDoubles(TestingMul.java:52)
	at java.base/jdk.internal.reflect.NativeMethodAccessorImpl.invoke0(Native Method)
	at java.base/jdk.internal.reflect.NativeMethodAccessorImpl.invoke(NativeMethodAccessorImpl.java:62)
	at java.base/jdk.internal.reflect.DelegatingMethodAccessorImpl.invoke(DelegatingMethodAccessorImpl.java:43)
	at java.base/java.lang.reflect.Method.invoke(Method.java:566)
	at org.testng.internal.MethodInvocationHelper.invokeMethod(MethodInvocationHelper.java:134)
	at org.testng.internal.TestInvoker.invokeMethod(TestInvoker.java:597)
	at org.testng.internal.TestInvoker.invokeTestMethod(TestInvoker.java:173)
	at org.testng.internal.MethodRunner.runInSequence(MethodRunner.java:46)
	at org.testng.internal.TestInvoker$MethodInvocationAgent.invoke(TestInvoker.java:816)
	at org.testng.internal.TestInvoker.invokeTestMethods(TestInvoker.java:146)
	at org.testng.internal.TestMethodWorker.invokeTestMethods(TestMethodWorker.java:146)
	at org.testng.internal.TestMethodWorker.run(TestMethodWorker.java:128)
	at java.base/java.util.ArrayList.forEach(ArrayList.java:1540)
	at org.testng.TestRunner.privateRun(TestRunner.java:766)
	at org.testng.TestRunner.run(TestRunner.java:587)
	at org.testng.SuiteRunner.runTest(SuiteRunner.java:384)
	at org.testng.SuiteRunner.runSequentially(SuiteRunner.java:378)
	at org.testng.SuiteRunner.privateRun(SuiteRunner.java:337)
	at org.testng.SuiteRunner.run(SuiteRunner.java:286)
	at org.testng.SuiteRunnerWorker.runSuite(SuiteRunnerWorker.java:53)
	at org.testng.SuiteRunnerWorker.run(SuiteRunnerWorker.java:96)
	at org.testng.TestNG.runSuitesSequentially(TestNG.java:1187)
	at org.testng.TestNG.runSuitesLocally(TestNG.java:1109)
	at org.testng.TestNG.runSuites(TestNG.java:1039)
	at org.testng.TestNG.run(TestNG.java:1007)
	at org.apache.maven.surefire.testng.TestNGExecutor.run(TestNGExecutor.java:135)
	at org.apache.maven.surefire.testng.TestNGDirectoryTestSuite.executeMulti(TestNGDirectoryTestSuite.java:193)
	at org.apache.maven.surefire.testng.TestNGDirectoryTestSuite.execute(TestNGDirectoryTestSuite.java:94)
	at org.apache.maven.surefire.testng.TestNGProvider.invoke(TestNGProvider.java:146)
	at org.apache.maven.surefire.booter.ForkedBooter.runSuitesInProcess(ForkedBooter.java:377)
	at org.apache.maven.surefire.booter.ForkedBooter.execute(ForkedBooter.java:138)
	at org.apache.maven.surefire.booter.ForkedBooter.run(ForkedBooter.java:465)
	at org.apache.maven.surefire.booter.ForkedBooter.main(ForkedBooter.java:451)
</pre></div></td>
<td>0</td>
<td>hw1.TestingMul@4ec4f3a0</td></tr>
</table><p>
<table width='100%' border='1' class='invocation-passed'>
<tr><td colspan='4' align='center'><b>PASSED TESTS</b></td></tr>
<tr><td><b>Test method</b></td>
<td width="30%"><b>Exception</b></td>
<td width="10%"><b>Time (seconds)</b></td>
<td><b>Instance</b></td>
</tr>
<tr>
<td title='hw1.TestingDiv.testDoubles()'><b>testDoubles</b><br>Test class: hw1.TestingDiv<br>Parameters: 1.5, 1.5, 1.0</td>
<td></td>
<td>0</td>
<td>hw1.TestingDiv@4550bb58</td></tr>
<tr>
<td title='hw1.TestingDiv.testDoubles()'><b>testDoubles</b><br>Test class: hw1.TestingDiv<br>Parameters: 6.0, 4.0, 1.5</td>
<td></td>
<td>0</td>
<td>hw1.TestingDiv@4550bb58</td></tr>
<tr>
<td title='hw1.TestingDiv.testDoubles()'><b>testDoubles</b><br>Test class: hw1.TestingDiv<br>Parameters: 100.0, 0.5, 200.0</td>
<td></td>
<td>0</td>
<td>hw1.TestingDiv@4550bb58</td></tr>
<tr>
<td title='hw1.TestingDiv.testDoubles()'><b>testDoubles</b><br>Test class: hw1.TestingDiv<br>Parameters: -1000.0003, 0.01, -100000.03</td>
<td></td>
<td>0</td>
<td>hw1.TestingDiv@4550bb58</td></tr>
<tr>
<td title='hw1.TestingMul.testDoubles()'><b>testDoubles</b><br>Test class: hw1.TestingMul<br>Parameters: 0.0, 1.0E-4, 0.0</td>
<td></td>
<td>0</td>
<td>hw1.TestingMul@4ec4f3a0</td></tr>
<tr>
<td title='hw1.TestingMul.testDoubles()'><b>testDoubles</b><br>Test class: hw1.TestingMul<br>Parameters: 100.003, -1000.0, -100003.0</td>
<td></td>
<td>0</td>
<td>hw1.TestingMul@4ec4f3a0</td></tr>
<tr>
<td title='hw1.TestingMul.testDoubles()'><b>testDoubles</b><br>Test class: hw1.TestingMul<br>Parameters: 100.0, 0.5, 50.0</td>
<td></td>
<td>0</td>
<td>hw1.TestingMul@4ec4f3a0</td></tr>
<tr>
<td title='hw1.TestingSub.testDoubles()'><b>testDoubles</b><br>Test class: hw1.TestingSub<br>Parameters: 1.5, 1.5, 0</td>
<td></td>
<td>0</td>
<td>hw1.TestingSub@223191a6</td></tr>
<tr>
<td title='hw1.TestingSub.testDoubles()'><b>testDoubles</b><br>Test class: hw1.TestingSub<br>Parameters: 0.0, 1.0E-4, -1.0E-4</td>
<td></td>
<td>0</td>
<td>hw1.TestingSub@223191a6</td></tr>
<tr>
<td title='hw1.TestingSub.testDoubles()'><b>testDoubles</b><br>Test class: hw1.TestingSub<br>Parameters: 100.003, -100.003, 200.006</td>
<td></td>
<td>0</td>
<td>hw1.TestingSub@223191a6</td></tr>
<tr>
<td title='hw1.TestingSub.testDoubles()'><b>testDoubles</b><br>Test class: hw1.TestingSub<br>Parameters: -12.3333, 4.2222, -16.5555</td>
<td></td>
<td>0</td>
<td>hw1.TestingSub@223191a6</td></tr>
<tr>
<td title='hw1.TestingSub.testDoubles()'><b>testDoubles</b><br>Test class: hw1.TestingSub<br>Parameters: 123.32332, -43.111111, 166.434431</td>
<td></td>
<td>0</td>
<td>hw1.TestingSub@223191a6</td></tr>
<tr>
<td title='hw1.TestingSub.testDoubles()'><b>testDoubles</b><br>Test class: hw1.TestingSub<br>Parameters: -1.0000000001111112E9, 1.0000000001111112E9, -2.0000000002222223E9</td>
<td></td>
<td>0</td>
<td>hw1.TestingSub@223191a6</td></tr>
<tr>
<td title='hw1.TestingSum.testDoubles()'><b>testDoubles</b><br>Test class: hw1.TestingSum<br>Parameters: 1.5, 1.5, 3</td>
<td></td>
<td>0</td>
<td>hw1.TestingSum@49139829</td></tr>
<tr>
<td title='hw1.TestingSum.testDoubles()'><b>testDoubles</b><br>Test class: hw1.TestingSum<br>Parameters: 0.0, 1.0E-4, 1.0E-4</td>
<td></td>
<td>0</td>
<td>hw1.TestingSum@49139829</td></tr>
<tr>
<td title='hw1.TestingSum.testDoubles()'><b>testDoubles</b><br>Test class: hw1.TestingSum<br>Parameters: 100.003, -100.003, 0</td>
<td></td>
<td>0</td>
<td>hw1.TestingSum@49139829</td></tr>
<tr>
<td title='hw1.TestingSum.testDoubles()'><b>testDoubles</b><br>Test class: hw1.TestingSum<br>Parameters: -12.3333, -4.2222, -16.5555</td>
<td></td>
<td>0</td>
<td>hw1.TestingSum@49139829</td></tr>
<tr>
<td title='hw1.TestingSum.testDoubles()'><b>testDoubles</b><br>Test class: hw1.TestingSum<br>Parameters: 123.32332, 43.111111, 166.434431</td>
<td></td>
<td>0</td>
<td>hw1.TestingSum@49139829</td></tr>
<tr>
<td title='hw1.TestingSum.testDoubles()'><b>testDoubles</b><br>Test class: hw1.TestingSum<br>Parameters: -1.0000000001111112E9, -1.0000000001111112E9, -2.0000000002222223E9</td>
<td></td>
<td>0</td>
<td>hw1.TestingSum@49139829</td></tr>
<tr>
<td title='hw1.TestingDiv.testLongs()'><b>testLongs</b><br>Test class: hw1.TestingDiv<br>Parameters: 1, 1, 1</td>
<td></td>
<td>0</td>
<td>hw1.TestingDiv@4550bb58</td></tr>
<tr>
<td title='hw1.TestingDiv.testLongs()'><b>testLongs</b><br>Test class: hw1.TestingDiv<br>Parameters: 0, 10000, 0</td>
<td></td>
<td>0</td>
<td>hw1.TestingDiv@4550bb58</td></tr>
<tr>
<td title='hw1.TestingDiv.testLongs()'><b>testLongs</b><br>Test class: hw1.TestingDiv<br>Parameters: 100, -100, -1</td>
<td></td>
<td>0</td>
<td>hw1.TestingDiv@4550bb58</td></tr>
<tr>
<td title='hw1.TestingDiv.testLongs()'><b>testLongs</b><br>Test class: hw1.TestingDiv<br>Parameters: 55, 2, 27</td>
<td></td>
<td>0</td>
<td>hw1.TestingDiv@4550bb58</td></tr>
<tr>
<td title='hw1.TestingDiv.testLongs()'><b>testLongs</b><br>Test class: hw1.TestingDiv<br>Parameters: -70, -70, 1</td>
<td></td>
<td>0</td>
<td>hw1.TestingDiv@4550bb58</td></tr>
<tr>
<td title='hw1.TestingDiv.testLongs()'><b>testLongs</b><br>Test class: hw1.TestingDiv<br>Parameters: -10000, -70000, 0</td>
<td></td>
<td>0</td>
<td>hw1.TestingDiv@4550bb58</td></tr>
<tr>
<td title='hw1.TestingMul.testLongs()'><b>testLongs</b><br>Test class: hw1.TestingMul<br>Parameters: 1, 1, 1</td>
<td></td>
<td>0</td>
<td>hw1.TestingMul@4ec4f3a0</td></tr>
<tr>
<td title='hw1.TestingMul.testLongs()'><b>testLongs</b><br>Test class: hw1.TestingMul<br>Parameters: 0, 10000, 0</td>
<td></td>
<td>0</td>
<td>hw1.TestingMul@4ec4f3a0</td></tr>
<tr>
<td title='hw1.TestingMul.testLongs()'><b>testLongs</b><br>Test class: hw1.TestingMul<br>Parameters: 100, -100, -10000</td>
<td></td>
<td>0</td>
<td>hw1.TestingMul@4ec4f3a0</td></tr>
<tr>
<td title='hw1.TestingMul.testLongs()'><b>testLongs</b><br>Test class: hw1.TestingMul<br>Parameters: 55, 2, 110</td>
<td></td>
<td>0</td>
<td>hw1.TestingMul@4ec4f3a0</td></tr>
<tr>
<td title='hw1.TestingMul.testLongs()'><b>testLongs</b><br>Test class: hw1.TestingMul<br>Parameters: -70, -70, 4900</td>
<td></td>
<td>0</td>
<td>hw1.TestingMul@4ec4f3a0</td></tr>
<tr>
<td title='hw1.TestingMul.testLongs()'><b>testLongs</b><br>Test class: hw1.TestingMul<br>Parameters: -10000, -70000, 700000000</td>
<td></td>
<td>0</td>
<td>hw1.TestingMul@4ec4f3a0</td></tr>
<tr>
<td title='hw1.TestingSub.testLongs()'><b>testLongs</b><br>Test class: hw1.TestingSub<br>Parameters: 1, 1, 0</td>
<td></td>
<td>0</td>
<td>hw1.TestingSub@223191a6</td></tr>
<tr>
<td title='hw1.TestingSub.testLongs()'><b>testLongs</b><br>Test class: hw1.TestingSub<br>Parameters: 0, 1000, -1000</td>
<td></td>
<td>0</td>
<td>hw1.TestingSub@223191a6</td></tr>
<tr>
<td title='hw1.TestingSub.testLongs()'><b>testLongs</b><br>Test class: hw1.TestingSub<br>Parameters: 100, -100, 200</td>
<td></td>
<td>0</td>
<td>hw1.TestingSub@223191a6</td></tr>
<tr>
<td title='hw1.TestingSub.testLongs()'><b>testLongs</b><br>Test class: hw1.TestingSub<br>Parameters: -12345, 54321, -66666</td>
<td></td>
<td>0</td>
<td>hw1.TestingSub@223191a6</td></tr>
<tr>
<td title='hw1.TestingSub.testLongs()'><b>testLongs</b><br>Test class: hw1.TestingSub<br>Parameters: -70, -70, 0</td>
<td></td>
<td>0</td>
<td>hw1.TestingSub@223191a6</td></tr>
<tr>
<td title='hw1.TestingSub.testLongs()'><b>testLongs</b><br>Test class: hw1.TestingSub<br>Parameters: 1000000000, -1000000000, 2000000000</td>
<td></td>
<td>0</td>
<td>hw1.TestingSub@223191a6</td></tr>
<tr>
<td title='hw1.TestingSum.testLongs()'><b>testLongs</b><br>Test class: hw1.TestingSum<br>Parameters: 1, 1, 2</td>
<td></td>
<td>0</td>
<td>hw1.TestingSum@49139829</td></tr>
<tr>
<td title='hw1.TestingSum.testLongs()'><b>testLongs</b><br>Test class: hw1.TestingSum<br>Parameters: 0, 0, 0</td>
<td></td>
<td>0</td>
<td>hw1.TestingSum@49139829</td></tr>
<tr>
<td title='hw1.TestingSum.testLongs()'><b>testLongs</b><br>Test class: hw1.TestingSum<br>Parameters: 100, -100, 0</td>
<td></td>
<td>0</td>
<td>hw1.TestingSum@49139829</td></tr>
<tr>
<td title='hw1.TestingSum.testLongs()'><b>testLongs</b><br>Test class: hw1.TestingSum<br>Parameters: 12345, 54321, 66666</td>
<td></td>
<td>0</td>
<td>hw1.TestingSum@49139829</td></tr>
<tr>
<td title='hw1.TestingSum.testLongs()'><b>testLongs</b><br>Test class: hw1.TestingSum<br>Parameters: -70, -70, -140</td>
<td></td>
<td>0</td>
<td>hw1.TestingSum@49139829</td></tr>
<tr>
<td title='hw1.TestingSum.testLongs()'><b>testLongs</b><br>Test class: hw1.TestingSum<br>Parameters: -1000000000, -1000000000, -2000000000</td>
<td></td>
<td>0</td>
<td>hw1.TestingSum@49139829</td></tr>
</table><p>
</body>
</html>